
*** Running vivado
    with args -log dds_compiler_0.vds -m64 -product Vivado -mode batch -messageDb vivado.pb -notrace -source dds_compiler_0.tcl



****** Vivado v2021.2 (64-bit)
  **** SW Build 3367213 on Tue Oct 19 02:48:09 MDT 2021
  **** IP Build 3369179 on Thu Oct 21 08:25:16 MDT 2021
    ** Copyright 1986-2021 Xilinx, Inc. All Rights Reserved.

source dds_compiler_0.tcl -notrace
create_project: Time (s): cpu = 00:00:07 ; elapsed = 00:00:09 . Memory (MB): peak = 1428.164 ; gain = 0.000
INFO: [IP_Flow 19-234] Refreshing IP repositories
INFO: [IP_Flow 19-1700] Loaded user IP repository 'd:/Projects/ip_repo/tunable_dds/tunable_dds_1.0'.
INFO: [IP_Flow 19-2313] Loaded Vivado IP repository 'E:/Xilinx/Vivado/2021.2/data/ip'.
Command: synth_design -top dds_compiler_0 -part xc7z010clg400-1 -mode out_of_context
Starting synth_design
Attempting to get a license for feature 'Synthesis' and/or device 'xc7z010'
INFO: [Common 17-349] Got license for feature 'Synthesis' and/or device 'xc7z010'
INFO: [Device 21-403] Loading part xc7z010clg400-1
INFO: [Synth 8-7079] Multithreading enabled for synth_design using a maximum of 2 processes.
INFO: [Synth 8-7078] Launching helper process for spawning children vivado processes
INFO: [Synth 8-7075] Helper process launched with PID 13480
---------------------------------------------------------------------------------
Starting RTL Elaboration : Time (s): cpu = 00:00:10 ; elapsed = 00:00:12 . Memory (MB): peak = 1428.164 ; gain = 0.000
---------------------------------------------------------------------------------
INFO: [Synth 8-638] synthesizing module 'dds_compiler_0' [d:/Projects/ip_repo/tunable_dds/tunable_dds_1.0/src/dds_compiler_0/synth/dds_compiler_0.vhd:73]
WARNING: [Synth 8-5640] Port 'debug_axi_pinc_in' is missing in component declaration [d:/Projects/ip_repo/tunable_dds/tunable_dds_1.0/src/dds_compiler_0/synth/dds_compiler_0.vhd:76]
WARNING: [Synth 8-5640] Port 'debug_axi_poff_in' is missing in component declaration [d:/Projects/ip_repo/tunable_dds/tunable_dds_1.0/src/dds_compiler_0/synth/dds_compiler_0.vhd:76]
WARNING: [Synth 8-5640] Port 'debug_axi_resync_in' is missing in component declaration [d:/Projects/ip_repo/tunable_dds/tunable_dds_1.0/src/dds_compiler_0/synth/dds_compiler_0.vhd:76]
WARNING: [Synth 8-5640] Port 'debug_axi_chan_in' is missing in component declaration [d:/Projects/ip_repo/tunable_dds/tunable_dds_1.0/src/dds_compiler_0/synth/dds_compiler_0.vhd:76]
WARNING: [Synth 8-5640] Port 'debug_core_nd' is missing in component declaration [d:/Projects/ip_repo/tunable_dds/tunable_dds_1.0/src/dds_compiler_0/synth/dds_compiler_0.vhd:76]
WARNING: [Synth 8-5640] Port 'debug_phase' is missing in component declaration [d:/Projects/ip_repo/tunable_dds/tunable_dds_1.0/src/dds_compiler_0/synth/dds_compiler_0.vhd:76]
WARNING: [Synth 8-5640] Port 'debug_phase_nd' is missing in component declaration [d:/Projects/ip_repo/tunable_dds/tunable_dds_1.0/src/dds_compiler_0/synth/dds_compiler_0.vhd:76]
	Parameter C_XDEVICEFAMILY bound to: zynq - type: string 
	Parameter C_MODE_OF_OPERATION bound to: 0 - type: integer 
	Parameter C_MODULUS bound to: 9 - type: integer 
	Parameter C_ACCUMULATOR_WIDTH bound to: 16 - type: integer 
	Parameter C_CHANNELS bound to: 1 - type: integer 
	Parameter C_HAS_PHASE_OUT bound to: 0 - type: integer 
	Parameter C_HAS_PHASEGEN bound to: 1 - type: integer 
	Parameter C_HAS_SINCOS bound to: 1 - type: integer 
	Parameter C_LATENCY bound to: 14 - type: integer 
	Parameter C_MEM_TYPE bound to: 1 - type: integer 
	Parameter C_NEGATIVE_COSINE bound to: 0 - type: integer 
	Parameter C_NEGATIVE_SINE bound to: 0 - type: integer 
	Parameter C_NOISE_SHAPING bound to: 0 - type: integer 
	Parameter C_OUTPUTS_REQUIRED bound to: 2 - type: integer 
	Parameter C_OUTPUT_FORM bound to: 0 - type: integer 
	Parameter C_OUTPUT_WIDTH bound to: 16 - type: integer 
	Parameter C_PHASE_ANGLE_WIDTH bound to: 16 - type: integer 
	Parameter C_PHASE_INCREMENT bound to: 3 - type: integer 
	Parameter C_PHASE_INCREMENT_VALUE bound to: 0,0,0,0,0,0,0,0,0,0,0,0,0,0,0,0 - type: string 
	Parameter C_RESYNC bound to: 0 - type: integer 
	Parameter C_PHASE_OFFSET bound to: 3 - type: integer 
	Parameter C_PHASE_OFFSET_VALUE bound to: 0,0,0,0,0,0,0,0,0,0,0,0,0,0,0,0 - type: string 
	Parameter C_OPTIMISE_GOAL bound to: 0 - type: integer 
	Parameter C_USE_DSP48 bound to: 0 - type: integer 
	Parameter C_POR_MODE bound to: 0 - type: integer 
	Parameter C_AMPLITUDE bound to: 0 - type: integer 
	Parameter C_HAS_ACLKEN bound to: 1 - type: integer 
	Parameter C_HAS_ARESETN bound to: 1 - type: integer 
	Parameter C_HAS_TLAST bound to: 0 - type: integer 
	Parameter C_HAS_TREADY bound to: 1 - type: integer 
	Parameter C_HAS_S_PHASE bound to: 1 - type: integer 
	Parameter C_S_PHASE_TDATA_WIDTH bound to: 32 - type: integer 
	Parameter C_S_PHASE_HAS_TUSER bound to: 0 - type: integer 
	Parameter C_S_PHASE_TUSER_WIDTH bound to: 1 - type: integer 
	Parameter C_HAS_S_CONFIG bound to: 0 - type: integer 
	Parameter C_S_CONFIG_SYNC_MODE bound to: 0 - type: integer 
	Parameter C_S_CONFIG_TDATA_WIDTH bound to: 1 - type: integer 
	Parameter C_HAS_M_DATA bound to: 1 - type: integer 
	Parameter C_M_DATA_TDATA_WIDTH bound to: 32 - type: integer 
	Parameter C_M_DATA_HAS_TUSER bound to: 0 - type: integer 
	Parameter C_M_DATA_TUSER_WIDTH bound to: 1 - type: integer 
	Parameter C_HAS_M_PHASE bound to: 0 - type: integer 
	Parameter C_M_PHASE_TDATA_WIDTH bound to: 1 - type: integer 
	Parameter C_M_PHASE_HAS_TUSER bound to: 0 - type: integer 
	Parameter C_M_PHASE_TUSER_WIDTH bound to: 1 - type: integer 
	Parameter C_DEBUG_INTERFACE bound to: 0 - type: integer 
	Parameter C_CHAN_WIDTH bound to: 1 - type: integer 
INFO: [Synth 8-3491] module 'dds_compiler_v6_0_21' declared at 'd:/Projects/ip_repo/tunable_dds/tunable_dds_1.0/src/dds_compiler_0/hdl/dds_compiler_v6_0_vh_rfs.vhd:47308' bound to instance 'U0' of component 'dds_compiler_v6_0_21' [d:/Projects/ip_repo/tunable_dds/tunable_dds_1.0/src/dds_compiler_0/synth/dds_compiler_0.vhd:184]
INFO: [Synth 8-256] done synthesizing module 'dds_compiler_0' (12#1) [d:/Projects/ip_repo/tunable_dds/tunable_dds_1.0/src/dds_compiler_0/synth/dds_compiler_0.vhd:73]
WARNING: [Synth 8-7129] Port CLK in module xbip_pipe_v3_0_6_viv__parameterized6 is either unconnected or has no load
WARNING: [Synth 8-7129] Port CE in module xbip_pipe_v3_0_6_viv__parameterized6 is either unconnected or has no load
WARNING: [Synth 8-7129] Port SCLR in module xbip_pipe_v3_0_6_viv__parameterized6 is either unconnected or has no load
WARNING: [Synth 8-7129] Port SSET in module xbip_pipe_v3_0_6_viv__parameterized6 is either unconnected or has no load
WARNING: [Synth 8-7129] Port SINIT in module xbip_pipe_v3_0_6_viv__parameterized6 is either unconnected or has no load
WARNING: [Synth 8-7129] Port CLK in module xbip_pipe_v3_0_6_viv__parameterized24 is either unconnected or has no load
WARNING: [Synth 8-7129] Port CE in module xbip_pipe_v3_0_6_viv__parameterized24 is either unconnected or has no load
WARNING: [Synth 8-7129] Port SCLR in module xbip_pipe_v3_0_6_viv__parameterized24 is either unconnected or has no load
WARNING: [Synth 8-7129] Port SSET in module xbip_pipe_v3_0_6_viv__parameterized24 is either unconnected or has no load
WARNING: [Synth 8-7129] Port SINIT in module xbip_pipe_v3_0_6_viv__parameterized24 is either unconnected or has no load
WARNING: [Synth 8-7129] Port SCLR in module xbip_pipe_v3_0_6_viv__parameterized20 is either unconnected or has no load
WARNING: [Synth 8-7129] Port SSET in module xbip_pipe_v3_0_6_viv__parameterized20 is either unconnected or has no load
WARNING: [Synth 8-7129] Port SINIT in module xbip_pipe_v3_0_6_viv__parameterized20 is either unconnected or has no load
WARNING: [Synth 8-7129] Port SCLR in module xbip_pipe_v3_0_6_viv__parameterized22 is either unconnected or has no load
WARNING: [Synth 8-7129] Port SSET in module xbip_pipe_v3_0_6_viv__parameterized22 is either unconnected or has no load
WARNING: [Synth 8-7129] Port SINIT in module xbip_pipe_v3_0_6_viv__parameterized22 is either unconnected or has no load
WARNING: [Synth 8-7129] Port SCLR in module xbip_pipe_v3_0_6_viv__parameterized18 is either unconnected or has no load
WARNING: [Synth 8-7129] Port SSET in module xbip_pipe_v3_0_6_viv__parameterized18 is either unconnected or has no load
WARNING: [Synth 8-7129] Port SINIT in module xbip_pipe_v3_0_6_viv__parameterized18 is either unconnected or has no load
WARNING: [Synth 8-7129] Port SCLR in module xbip_pipe_v3_0_6_viv__parameterized16 is either unconnected or has no load
WARNING: [Synth 8-7129] Port SSET in module xbip_pipe_v3_0_6_viv__parameterized16 is either unconnected or has no load
WARNING: [Synth 8-7129] Port SINIT in module xbip_pipe_v3_0_6_viv__parameterized16 is either unconnected or has no load
WARNING: [Synth 8-7129] Port SCLR in module sin_cos is either unconnected or has no load
WARNING: [Synth 8-7129] Port CLK in module xbip_pipe_v3_0_6_viv__parameterized14 is either unconnected or has no load
WARNING: [Synth 8-7129] Port CE in module xbip_pipe_v3_0_6_viv__parameterized14 is either unconnected or has no load
WARNING: [Synth 8-7129] Port SCLR in module xbip_pipe_v3_0_6_viv__parameterized14 is either unconnected or has no load
WARNING: [Synth 8-7129] Port SSET in module xbip_pipe_v3_0_6_viv__parameterized14 is either unconnected or has no load
WARNING: [Synth 8-7129] Port SINIT in module xbip_pipe_v3_0_6_viv__parameterized14 is either unconnected or has no load
WARNING: [Synth 8-7129] Port SCLR in module xbip_pipe_v3_0_6_viv__parameterized12 is either unconnected or has no load
WARNING: [Synth 8-7129] Port SSET in module xbip_pipe_v3_0_6_viv__parameterized12 is either unconnected or has no load
WARNING: [Synth 8-7129] Port SINIT in module xbip_pipe_v3_0_6_viv__parameterized12 is either unconnected or has no load
WARNING: [Synth 8-7129] Port SSET in module xbip_pipe_v3_0_6_viv__parameterized10 is either unconnected or has no load
WARNING: [Synth 8-7129] Port SINIT in module xbip_pipe_v3_0_6_viv__parameterized10 is either unconnected or has no load
WARNING: [Synth 8-7129] Port CLK in module xbip_pipe_v3_0_6_viv__parameterized8 is either unconnected or has no load
WARNING: [Synth 8-7129] Port CE in module xbip_pipe_v3_0_6_viv__parameterized8 is either unconnected or has no load
WARNING: [Synth 8-7129] Port SCLR in module xbip_pipe_v3_0_6_viv__parameterized8 is either unconnected or has no load
WARNING: [Synth 8-7129] Port SSET in module xbip_pipe_v3_0_6_viv__parameterized8 is either unconnected or has no load
WARNING: [Synth 8-7129] Port SINIT in module xbip_pipe_v3_0_6_viv__parameterized8 is either unconnected or has no load
WARNING: [Synth 8-7129] Port SCLR in module xbip_pipe_v3_0_6_viv__parameterized4 is either unconnected or has no load
WARNING: [Synth 8-7129] Port SSET in module xbip_pipe_v3_0_6_viv__parameterized4 is either unconnected or has no load
WARNING: [Synth 8-7129] Port SINIT in module xbip_pipe_v3_0_6_viv__parameterized4 is either unconnected or has no load
WARNING: [Synth 8-7129] Port chan_addr[0] in module accum is either unconnected or has no load
WARNING: [Synth 8-7129] Port chan_addr_del2[0] in module accum is either unconnected or has no load
WARNING: [Synth 8-7129] Port chan_addr_del3[0] in module accum is either unconnected or has no load
WARNING: [Synth 8-7129] Port addr_i[3] in module accum is either unconnected or has no load
WARNING: [Synth 8-7129] Port addr_i[2] in module accum is either unconnected or has no load
WARNING: [Synth 8-7129] Port addr_i[1] in module accum is either unconnected or has no load
WARNING: [Synth 8-7129] Port addr_i[0] in module accum is either unconnected or has no load
WARNING: [Synth 8-7129] Port phase_inc_we in module accum is either unconnected or has no load
WARNING: [Synth 8-7129] Port phase_adj_we in module accum is either unconnected or has no load
WARNING: [Synth 8-7129] Port data_i[15] in module accum is either unconnected or has no load
WARNING: [Synth 8-7129] Port data_i[14] in module accum is either unconnected or has no load
WARNING: [Synth 8-7129] Port data_i[13] in module accum is either unconnected or has no load
WARNING: [Synth 8-7129] Port data_i[12] in module accum is either unconnected or has no load
WARNING: [Synth 8-7129] Port data_i[11] in module accum is either unconnected or has no load
WARNING: [Synth 8-7129] Port data_i[10] in module accum is either unconnected or has no load
WARNING: [Synth 8-7129] Port data_i[9] in module accum is either unconnected or has no load
WARNING: [Synth 8-7129] Port data_i[8] in module accum is either unconnected or has no load
WARNING: [Synth 8-7129] Port data_i[7] in module accum is either unconnected or has no load
WARNING: [Synth 8-7129] Port data_i[6] in module accum is either unconnected or has no load
WARNING: [Synth 8-7129] Port data_i[5] in module accum is either unconnected or has no load
WARNING: [Synth 8-7129] Port data_i[4] in module accum is either unconnected or has no load
WARNING: [Synth 8-7129] Port data_i[3] in module accum is either unconnected or has no load
WARNING: [Synth 8-7129] Port data_i[2] in module accum is either unconnected or has no load
WARNING: [Synth 8-7129] Port data_i[1] in module accum is either unconnected or has no load
WARNING: [Synth 8-7129] Port data_i[0] in module accum is either unconnected or has no load
WARNING: [Synth 8-7129] Port SSET in module xbip_pipe_v3_0_6_viv__parameterized2 is either unconnected or has no load
WARNING: [Synth 8-7129] Port SINIT in module xbip_pipe_v3_0_6_viv__parameterized2 is either unconnected or has no load
WARNING: [Synth 8-7129] Port RFD in module dds_compiler_v6_0_21_core is either unconnected or has no load
WARNING: [Synth 8-7129] Port CHANNEL[0] in module dds_compiler_v6_0_21_core is either unconnected or has no load
WARNING: [Synth 8-7129] Port ADDR[0] in module dds_compiler_v6_0_21_core is either unconnected or has no load
WARNING: [Synth 8-7129] Port REG_SELECT in module dds_compiler_v6_0_21_core is either unconnected or has no load
WARNING: [Synth 8-7129] Port PHASE_IN[15] in module dds_compiler_v6_0_21_core is either unconnected or has no load
WARNING: [Synth 8-7129] Port PHASE_IN[14] in module dds_compiler_v6_0_21_core is either unconnected or has no load
WARNING: [Synth 8-7129] Port PHASE_IN[13] in module dds_compiler_v6_0_21_core is either unconnected or has no load
WARNING: [Synth 8-7129] Port PHASE_IN[12] in module dds_compiler_v6_0_21_core is either unconnected or has no load
WARNING: [Synth 8-7129] Port PHASE_IN[11] in module dds_compiler_v6_0_21_core is either unconnected or has no load
WARNING: [Synth 8-7129] Port PHASE_IN[10] in module dds_compiler_v6_0_21_core is either unconnected or has no load
WARNING: [Synth 8-7129] Port PHASE_IN[9] in module dds_compiler_v6_0_21_core is either unconnected or has no load
WARNING: [Synth 8-7129] Port PHASE_IN[8] in module dds_compiler_v6_0_21_core is either unconnected or has no load
WARNING: [Synth 8-7129] Port PHASE_IN[7] in module dds_compiler_v6_0_21_core is either unconnected or has no load
WARNING: [Synth 8-7129] Port PHASE_IN[6] in module dds_compiler_v6_0_21_core is either unconnected or has no load
WARNING: [Synth 8-7129] Port PHASE_IN[5] in module dds_compiler_v6_0_21_core is either unconnected or has no load
WARNING: [Synth 8-7129] Port PHASE_IN[4] in module dds_compiler_v6_0_21_core is either unconnected or has no load
WARNING: [Synth 8-7129] Port PHASE_IN[3] in module dds_compiler_v6_0_21_core is either unconnected or has no load
WARNING: [Synth 8-7129] Port PHASE_IN[2] in module dds_compiler_v6_0_21_core is either unconnected or has no load
WARNING: [Synth 8-7129] Port PHASE_IN[1] in module dds_compiler_v6_0_21_core is either unconnected or has no load
WARNING: [Synth 8-7129] Port PHASE_IN[0] in module dds_compiler_v6_0_21_core is either unconnected or has no load
WARNING: [Synth 8-7129] Port SSET in module xbip_pipe_v3_0_6_viv__parameterized0 is either unconnected or has no load
WARNING: [Synth 8-7129] Port SINIT in module xbip_pipe_v3_0_6_viv__parameterized0 is either unconnected or has no load
WARNING: [Synth 8-7129] Port SSET in module xbip_pipe_v3_0_6_viv is either unconnected or has no load
WARNING: [Synth 8-7129] Port SINIT in module xbip_pipe_v3_0_6_viv is either unconnected or has no load
WARNING: [Synth 8-7129] Port m_axis_data_tlast in module dds_compiler_v6_0_21_viv is either unconnected or has no load
WARNING: [Synth 8-7129] Port m_axis_data_tuser[0] in module dds_compiler_v6_0_21_viv is either unconnected or has no load
WARNING: [Synth 8-7129] Port m_axis_phase_tdata[0] in module dds_compiler_v6_0_21_viv is either unconnected or has no load
WARNING: [Synth 8-7129] Port m_axis_phase_tlast in module dds_compiler_v6_0_21_viv is either unconnected or has no load
WARNING: [Synth 8-7129] Port m_axis_phase_tuser[0] in module dds_compiler_v6_0_21_viv is either unconnected or has no load
WARNING: [Synth 8-7129] Port s_axis_phase_tlast in module dds_compiler_v6_0_21_viv is either unconnected or has no load
WARNING: [Synth 8-7129] Port s_axis_phase_tuser[0] in module dds_compiler_v6_0_21_viv is either unconnected or has no load
WARNING: [Synth 8-7129] Port s_axis_config_tvalid in module dds_compiler_v6_0_21_viv is either unconnected or has no load
INFO: [Common 17-14] Message 'Synth 8-7129' appears 100 times and further instances of the messages will be disabled. Use the Tcl command set_msg_config to change the current settings.
---------------------------------------------------------------------------------
Finished RTL Elaboration : Time (s): cpu = 00:00:25 ; elapsed = 00:00:32 . Memory (MB): peak = 1453.359 ; gain = 25.195
---------------------------------------------------------------------------------
---------------------------------------------------------------------------------
Start Handling Custom Attributes
---------------------------------------------------------------------------------
---------------------------------------------------------------------------------
Finished Handling Custom Attributes : Time (s): cpu = 00:00:26 ; elapsed = 00:00:33 . Memory (MB): peak = 1453.359 ; gain = 25.195
---------------------------------------------------------------------------------
---------------------------------------------------------------------------------
Finished RTL Optimization Phase 1 : Time (s): cpu = 00:00:26 ; elapsed = 00:00:33 . Memory (MB): peak = 1453.359 ; gain = 25.195
---------------------------------------------------------------------------------
Netlist sorting complete. Time (s): cpu = 00:00:00 ; elapsed = 00:00:00.031 . Memory (MB): peak = 1453.359 ; gain = 0.000
INFO: [Project 1-570] Preparing netlist for logic optimization

Processing XDC Constraints
Initializing timing engine
Parsing XDC File [d:/Projects/ip_repo/tunable_dds/tunable_dds_1.0/src/dds_compiler_0/dds_compiler_0_ooc.xdc] for cell 'U0'
Finished Parsing XDC File [d:/Projects/ip_repo/tunable_dds/tunable_dds_1.0/src/dds_compiler_0/dds_compiler_0_ooc.xdc] for cell 'U0'
Parsing XDC File [d:/Projects/ip_repo/tunable_dds/edit_tunable_dds_v1_0.runs/dds_compiler_0_synth_1/dont_touch.xdc]
Finished Parsing XDC File [d:/Projects/ip_repo/tunable_dds/edit_tunable_dds_v1_0.runs/dds_compiler_0_synth_1/dont_touch.xdc]
Completed Processing XDC Constraints

Netlist sorting complete. Time (s): cpu = 00:00:00 ; elapsed = 00:00:00 . Memory (MB): peak = 1563.633 ; gain = 0.000
INFO: [Project 1-111] Unisim Transformation Summary:
No Unisim elements were transformed.

Constraint Validation Runtime : Time (s): cpu = 00:00:00 ; elapsed = 00:00:00.081 . Memory (MB): peak = 1563.633 ; gain = 0.000
---------------------------------------------------------------------------------
Finished Constraint Validation : Time (s): cpu = 00:00:36 ; elapsed = 00:00:47 . Memory (MB): peak = 1563.633 ; gain = 135.469
---------------------------------------------------------------------------------
---------------------------------------------------------------------------------
Start Loading Part and Timing Information
---------------------------------------------------------------------------------
Loading part: xc7z010clg400-1
---------------------------------------------------------------------------------
Finished Loading Part and Timing Information : Time (s): cpu = 00:00:36 ; elapsed = 00:00:47 . Memory (MB): peak = 1563.633 ; gain = 135.469
---------------------------------------------------------------------------------
---------------------------------------------------------------------------------
Start Applying 'set_property' XDC Constraints
---------------------------------------------------------------------------------
Applied set_property KEEP_HIERARCHY = SOFT for U0. (constraint file  d:/Projects/ip_repo/tunable_dds/edit_tunable_dds_v1_0.runs/dds_compiler_0_synth_1/dont_touch.xdc, line 9).
---------------------------------------------------------------------------------
Finished applying 'set_property' XDC Constraints : Time (s): cpu = 00:00:36 ; elapsed = 00:00:47 . Memory (MB): peak = 1563.633 ; gain = 135.469
---------------------------------------------------------------------------------
WARNING: [Synth 8-6040] Register i_rtl.i_quarter_table.i_has_sin.i_addr_mod_stage1.mod_sin_addr_reg driving address of a ROM cannot be packed in BRAM/URAM because of presence of initial value.
WARNING: [Synth 8-6040] Register i_rtl.i_quarter_table.i_has_cos.i_addr_mod_stage1.mod_cos_addr_reg driving address of a ROM cannot be packed in BRAM/URAM because of presence of initial value.
---------------------------------------------------------------------------------
Finished RTL Optimization Phase 2 : Time (s): cpu = 00:00:38 ; elapsed = 00:00:50 . Memory (MB): peak = 1563.633 ; gain = 135.469
---------------------------------------------------------------------------------
---------------------------------------------------------------------------------
Start RTL Component Statistics 
---------------------------------------------------------------------------------
---------------------------------------------------------------------------------
Finished RTL Component Statistics 
---------------------------------------------------------------------------------
---------------------------------------------------------------------------------
Start Part Resource Summary
---------------------------------------------------------------------------------
Part Resources:
DSPs: 80 (col length:40)
BRAMs: 120 (col length: RAMB18 40 RAMB36 20)
---------------------------------------------------------------------------------
Finished Part Resource Summary
---------------------------------------------------------------------------------
---------------------------------------------------------------------------------
Start Cross Boundary and Area Optimization
---------------------------------------------------------------------------------
WARNING: [Synth 8-7080] Parallel synthesis criteria is not met
---------------------------------------------------------------------------------
Finished Cross Boundary and Area Optimization : Time (s): cpu = 00:00:40 ; elapsed = 00:00:53 . Memory (MB): peak = 1563.633 ; gain = 135.469
---------------------------------------------------------------------------------
---------------------------------------------------------------------------------
Start Applying XDC Timing Constraints
---------------------------------------------------------------------------------
---------------------------------------------------------------------------------
Finished Applying XDC Timing Constraints : Time (s): cpu = 00:00:48 ; elapsed = 00:01:02 . Memory (MB): peak = 1563.633 ; gain = 135.469
---------------------------------------------------------------------------------
---------------------------------------------------------------------------------
Start Timing Optimization
---------------------------------------------------------------------------------
---------------------------------------------------------------------------------
Finished Timing Optimization : Time (s): cpu = 00:00:49 ; elapsed = 00:01:03 . Memory (MB): peak = 1563.633 ; gain = 135.469
---------------------------------------------------------------------------------
---------------------------------------------------------------------------------
Start Technology Mapping
---------------------------------------------------------------------------------
---------------------------------------------------------------------------------
Finished Technology Mapping : Time (s): cpu = 00:00:49 ; elapsed = 00:01:03 . Memory (MB): peak = 1563.633 ; gain = 135.469
---------------------------------------------------------------------------------
---------------------------------------------------------------------------------
Start IO Insertion
---------------------------------------------------------------------------------
---------------------------------------------------------------------------------
Start Flattening Before IO Insertion
---------------------------------------------------------------------------------
---------------------------------------------------------------------------------
Finished Flattening Before IO Insertion
---------------------------------------------------------------------------------
---------------------------------------------------------------------------------
Start Final Netlist Cleanup
---------------------------------------------------------------------------------
---------------------------------------------------------------------------------
Finished Final Netlist Cleanup
---------------------------------------------------------------------------------
---------------------------------------------------------------------------------
Finished IO Insertion : Time (s): cpu = 00:00:55 ; elapsed = 00:01:09 . Memory (MB): peak = 1563.633 ; gain = 135.469
---------------------------------------------------------------------------------
---------------------------------------------------------------------------------
Start Renaming Generated Instances
---------------------------------------------------------------------------------
---------------------------------------------------------------------------------
Finished Renaming Generated Instances : Time (s): cpu = 00:00:55 ; elapsed = 00:01:09 . Memory (MB): peak = 1563.633 ; gain = 135.469
---------------------------------------------------------------------------------
---------------------------------------------------------------------------------
Start Rebuilding User Hierarchy
---------------------------------------------------------------------------------
---------------------------------------------------------------------------------
Finished Rebuilding User Hierarchy : Time (s): cpu = 00:00:55 ; elapsed = 00:01:09 . Memory (MB): peak = 1563.633 ; gain = 135.469
---------------------------------------------------------------------------------
---------------------------------------------------------------------------------
Start Renaming Generated Ports
---------------------------------------------------------------------------------
---------------------------------------------------------------------------------
Finished Renaming Generated Ports : Time (s): cpu = 00:00:55 ; elapsed = 00:01:09 . Memory (MB): peak = 1563.633 ; gain = 135.469
---------------------------------------------------------------------------------
---------------------------------------------------------------------------------
Start Handling Custom Attributes
---------------------------------------------------------------------------------
---------------------------------------------------------------------------------
Finished Handling Custom Attributes : Time (s): cpu = 00:00:55 ; elapsed = 00:01:10 . Memory (MB): peak = 1563.633 ; gain = 135.469
---------------------------------------------------------------------------------
---------------------------------------------------------------------------------
Start Renaming Generated Nets
---------------------------------------------------------------------------------
---------------------------------------------------------------------------------
Finished Renaming Generated Nets : Time (s): cpu = 00:00:55 ; elapsed = 00:01:10 . Memory (MB): peak = 1563.633 ; gain = 135.469
---------------------------------------------------------------------------------
---------------------------------------------------------------------------------
Start Writing Synthesis Report
---------------------------------------------------------------------------------

Report BlackBoxes: 
+-+--------------+----------+
| |BlackBox name |Instances |
+-+--------------+----------+
+-+--------------+----------+

Report Cell Usage: 
+------+---------+------+
|      |Cell     |Count |
+------+---------+------+
|1     |CARRY4   |    10|
|2     |LUT1     |     2|
|3     |LUT2     |    80|
|4     |LUT3     |    17|
|5     |LUT4     |    15|
|6     |LUT5     |    14|
|7     |LUT6     |    20|
|8     |RAMB18E1 |     1|
|9     |RAMB36E1 |     7|
|16    |SRL16E   |    66|
|17    |FDRE     |   291|
|18    |FDSE     |    15|
+------+---------+------+
---------------------------------------------------------------------------------
Finished Writing Synthesis Report : Time (s): cpu = 00:00:55 ; elapsed = 00:01:10 . Memory (MB): peak = 1563.633 ; gain = 135.469
---------------------------------------------------------------------------------
Synthesis finished with 0 errors, 0 critical warnings and 14 warnings.
Synthesis Optimization Runtime : Time (s): cpu = 00:00:28 ; elapsed = 00:01:06 . Memory (MB): peak = 1563.633 ; gain = 25.195
Synthesis Optimization Complete : Time (s): cpu = 00:00:56 ; elapsed = 00:01:10 . Memory (MB): peak = 1563.633 ; gain = 135.469
INFO: [Project 1-571] Translating synthesized netlist
Netlist sorting complete. Time (s): cpu = 00:00:00 ; elapsed = 00:00:00.027 . Memory (MB): peak = 1563.633 ; gain = 0.000
INFO: [Netlist 29-17] Analyzing 18 Unisim elements for replacement
INFO: [Netlist 29-28] Unisim Transformation completed in 0 CPU seconds
INFO: [Project 1-570] Preparing netlist for logic optimization
INFO: [Opt 31-138] Pushed 0 inverter(s) to 0 load pin(s).
Netlist sorting complete. Time (s): cpu = 00:00:00 ; elapsed = 00:00:00 . Memory (MB): peak = 1563.633 ; gain = 0.000
INFO: [Project 1-111] Unisim Transformation Summary:
No Unisim elements were transformed.

Synth Design complete, checksum: 2d8728ba
INFO: [Common 17-83] Releasing license: Synthesis
21 Infos, 110 Warnings, 0 Critical Warnings and 0 Errors encountered.
synth_design completed successfully
synth_design: Time (s): cpu = 00:01:00 ; elapsed = 00:01:32 . Memory (MB): peak = 1563.633 ; gain = 135.469
INFO: [Common 17-1381] The checkpoint 'd:/Projects/ip_repo/tunable_dds/edit_tunable_dds_v1_0.runs/dds_compiler_0_synth_1/dds_compiler_0.dcp' has been generated.
INFO: [Coretcl 2-1648] Added synthesis output to IP cache for IP dds_compiler_0, cache-ID = 86c13da1b93d089e
INFO: [Coretcl 2-1174] Renamed 30 cell refs.
INFO: [Common 17-1381] The checkpoint 'd:/Projects/ip_repo/tunable_dds/edit_tunable_dds_v1_0.runs/dds_compiler_0_synth_1/dds_compiler_0.dcp' has been generated.
INFO: [runtcl-4] Executing : report_utilization -file dds_compiler_0_utilization_synth.rpt -pb dds_compiler_0_utilization_synth.pb
INFO: [Common 17-206] Exiting Vivado at Thu Sep 19 15:55:49 2024...
